<?xml version="1.0" encoding="UTF-8"?>
<beans xmlns="http://www.springframework.org/schema/beans"
       xmlns:xsi="http://www.w3.org/2001/XMLSchema-instance"
       xmlns:p="http://www.springframework.org/schema/p"
       xmlns:aop="http://www.springframework.org/schema/aop"
       xmlns:tx="http://www.springframework.org/schema/tx"
       xsi:schemaLocation="http://www.springframework.org/schema/beans http://www.springframework.org/schema/beans/spring-beans-2.5.xsd
       http://www.springframework.org/schema/aop http://www.springframework.org/schema/aop/spring-aop-2.5.xsd
       http://www.springframework.org/schema/tx http://www.springframework.org/schema/tx/spring-tx-2.5.xsd">

    <bean id="propertyConfigurer"  class="org.springframework.beans.factory.config.PropertyPlaceholderConfigurer">
        <property name="locations">
            <list>
                <value>classpath:jdbc.properties</value>
                <value>classpath:mail.properties</value>
                <value>classpath:general.properties</value>
            </list>
        </property>
    </bean>

    <bean id="lobHandler" class="org.springframework.jdbc.support.lob.DefaultLobHandler" />

    <bean id="dataSource" class="com.mchange.v2.c3p0.ComboPooledDataSource" destroy-method="close">
        <property name="user" value="${jdbc.username}"/>
        <property name="password" value="${jdbc.password}"/>
        <property name="driverClass" value="${jdbc.driverClassName}"/>
        <property name="jdbcUrl" value="${jdbc.url}"/>

        <property name="initialPoolSize">
            <value>${jdbc.initialPoolSize}</value>
        </property>
        <property name="minPoolSize">
            <value>${jdbc.minPoolSize}</value>
        </property>
        <property name="maxPoolSize">
            <value>${jdbc.maxPoolSize}</value>
        </property>
        <property name="acquireRetryAttempts">
            <value>${jdbc.acquireRetryAttempts}</value>
        </property>
        <property name="acquireIncrement">
            <value>${jdbc.acquireIncrement}</value>
        </property>
        <property name="idleConnectionTestPeriod">
            <value>${jdbc.idleConnectionTestPeriod}</value>
        </property>
        <property name="maxIdleTime">
            <value>${jdbc.maxIdleTime}</value>
        </property>
        <property name="maxConnectionAge">
            <value>${jdbc.maxConnectionAge}</value>
        </property>
        <property name="preferredTestQuery">
            <value>${jdbc.preferredTestQuery}</value>
        </property>
        <property name="testConnectionOnCheckin">
            <value>${jdbc.testConnectionOnCheckin}</value>
        </property>
    </bean>

    <bean id="sessionFactory" class="org.springframework.orm.hibernate3.LocalSessionFactoryBean">
        <property name="dataSource" ref="dataSource" />
        <property name="configLocation" value="classpath:hibernate.cfg.xml" />
        <property name="configurationClass" value="org.hibernate.cfg.AnnotationConfiguration" />
        <property name="hibernateProperties">
            <props>
                <prop key="hibernate.dialect">${hibernate.dialect}</prop>
            </props>
        </property>
        <property name="lobHandler" ref="lobHandler" />
    </bean>

    <tx:annotation-driven transaction-manager="txManager" />

    <bean id="txManager" class="org.springframework.orm.hibernate3.HibernateTransactionManager">
        <property name="sessionFactory" ref="sessionFactory" />
    </bean>

    <bean id="customerDao" class="net.skytelecom.dao.impl.CustomerDaoImpl">
        <property name="sessionFactory" ref="sessionFactory" />
    </bean>

    <bean id="customerService" class="net.skytelecom.services.impl.CustomerServiceImpl">
        <constructor-arg>
            <bean class="net.skytelecom.dao.impl.GenericDaoHibernate">
                <constructor-arg value="net.skytelecom.entity.Customer"/>
                <property name="sessionFactory" ref="sessionFactory"/>
            </bean>
        </constructor-arg>
        <property name="customerDao" ref="customerDao"/>
    </bean>

    <bean id="userDao" class="net.skytelecom.dao.impl.UserDaoImpl">
        <property name="sessionFactory" ref="sessionFactory" />
    </bean>

    <bean id="userService" class="net.skytelecom.services.impl.UserServiceImpl">
        <constructor-arg>
            <bean class="net.skytelecom.dao.impl.GenericDaoHibernate">
                <constructor-arg value="net.skytelecom.entity.Customer"/>
                <property name="sessionFactory" ref="sessionFactory"/>
            </bean>
        </constructor-arg>
        <property name="userDao" ref="userDao"/>
    </bean>

    <bean id="priceDao" class="net.skytelecom.dao.impl.PriceDaoImpl">
        <property name="sessionFactory" ref="sessionFactory" />
    </bean>

    <bean id="priceService" class="net.skytelecom.services.impl.PriceServiceImpl">
        <constructor-arg>
            <bean class="net.skytelecom.dao.impl.GenericDaoHibernate">
                <constructor-arg value="net.skytelecom.entity.Price"/>
                <property name="sessionFactory" ref="sessionFactory"/>
            </bean>
        </constructor-arg>
        <property name="priceDao" ref="priceDao"/>
    </bean>

    <bean id="priceTypeDao" class="net.skytelecom.dao.impl.PriceTypeDaoImpl">
        <property name="sessionFactory" ref="sessionFactory" />
    </bean>

    <bean id="priceTypeService" class="net.skytelecom.services.impl.PriceTypeServiceImpl">
        <constructor-arg>
            <bean class="net.skytelecom.dao.impl.GenericDaoHibernate">
                <constructor-arg value="net.skytelecom.entity.PriceType"/>
                <property name="sessionFactory" ref="sessionFactory"/>
            </bean>
        </constructor-arg>
        <property name="priceTypeDao" ref="priceTypeDao"/>
    </bean>
    
    <bean id="customersPricesDao" class="net.skytelecom.dao.impl.CustomersPricesDaoImpl">
        <property name="sessionFactory" ref="sessionFactory" />
    </bean>

    <bean id="customersPricesService" class="net.skytelecom.services.impl.CustomersPricesServiceImpl">
        <constructor-arg>
            <bean class="net.skytelecom.dao.impl.GenericDaoHibernate">
                <constructor-arg value="net.skytelecom.entity.CustomersPrices"/>
                <property name="sessionFactory" ref="sessionFactory"/>
            </bean>
        </constructor-arg>
        <property name="customersPricesDao" ref="customersPricesDao"/>
    </bean>

    <bean id="excelPriceListService" class="net.skytelecom.services.impl.ExcelPriceListServiceImpl"/>
</beans>